<?xml version="1.0" encoding="UTF-8"?>
<testng-results total="1" passed="1" failed="0" skipped="0">
  <reporter-output>
  </reporter-output>
  <suite started-at="2018-11-17T10:20:00Z" name="Default suite" finished-at="2018-11-17T10:20:02Z" duration-ms="1477">
    <groups>
    </groups>
    <test started-at="2018-11-17T10:20:00Z" name="Default test" finished-at="2018-11-17T10:20:02Z" duration-ms="1477">
      <class name="com.diprella.tests.SignUpTest">
        <test-method is-config="true" signature="beforeSuite()[pri:0, instance:com.diprella.tests.SignUpTest@3af9c5b7]" started-at="2018-11-17T12:19:55Z" name="beforeSuite" finished-at="2018-11-17T12:20:00Z" duration-ms="4763" status="PASS">
          <reporter-output>
          </reporter-output>
        </test-method> <!-- beforeSuite -->
        <test-method signature="openSignUpViaBtnOnHeader()[pri:0, instance:com.diprella.tests.SignUpTest@3af9c5b7]" started-at="2018-11-17T12:20:00Z" name="openSignUpViaBtnOnHeader" finished-at="2018-11-17T12:20:02Z" duration-ms="1455" status="PASS">
          <reporter-output>
          </reporter-output>
        </test-method> <!-- openSignUpViaBtnOnHeader -->
        <test-method is-config="true" signature="afterTest()[pri:0, instance:com.diprella.tests.SignUpTest@3af9c5b7]" started-at="2018-11-17T12:20:07Z" name="afterTest" finished-at="2018-11-17T12:20:07Z" duration-ms="99" status="PASS">
          <reporter-output>
          </reporter-output>
        </test-method> <!-- afterTest -->
      </class> <!-- com.diprella.tests.SignUpTest -->
    </test> <!-- Default test -->
  </suite> <!-- Default suite -->
</testng-results>
